<?xml version="1.0" encoding="UTF-8"?>
<!-- Generated by org.testng.reporters.JUnitXMLReporter -->
<testsuite ignored="0" hostname="GBLNB-PG03434V" failures="0" tests="12" name="Surefire test" time="21.65" errors="0" timestamp="2023-12-15T13:35:00 IST">
  <testcase classname="api.test.DDTests" name="testPostUser" time="3.597"/>
  <testcase classname="api.test.DDTests" name="testPostUser" time="1.311"/>
  <testcase classname="api.test.DDTests" name="testPostUser" time="1.331"/>
  <testcase classname="api.test.DDTests" name="testPostUser" time="1.328"/>
  <testcase classname="api.test.DDTests" name="testDeleteUserByName" time="1.397"/>
  <testcase classname="api.test.DDTests" name="testDeleteUserByName" time="1.314"/>
  <testcase classname="api.test.DDTests" name="testDeleteUserByName" time="1.342"/>
  <testcase classname="api.test.DDTests" name="testDeleteUserByName" time="1.268"/>
  <testcase classname="api.test.UserTests" name="testPostUser" time="1.383"/>
  <testcase classname="api.test.UserTests" name="testGetUserByName" time="1.326"/>
  <testcase classname="api.test.UserTests" name="testupdateUserByName" time="2.658"/>
  <testcase classname="api.test.UserTests" name="testDeleteuserByName" time="1.31"/>
</testsuite> <!-- Surefire test -->
