<?xml version="1.0" encoding="UTF-8"?>
<!-- Generated by org.testng.reporters.JUnitXMLReporter -->
<testsuite ignored="0" hostname="GBLNB-PG03434V" failures="0" tests="8" name="Default test" time="13.085" errors="0" timestamp="2023-12-14T17:58:23 IST">
  <testcase classname="api.test.DDTests" name="testPostUser" time="2.528"/>
  <testcase classname="api.test.DDTests" name="testPostUser" time="1.195"/>
  <testcase classname="api.test.DDTests" name="testPostUser" time="1.189"/>
  <testcase classname="api.test.DDTests" name="testPostUser" time="1.176"/>
  <testcase classname="api.test.DDTests" name="testDeleteUserByName" time="1.227"/>
  <testcase classname="api.test.DDTests" name="testDeleteUserByName" time="1.173"/>
  <testcase classname="api.test.DDTests" name="testDeleteUserByName" time="1.17"/>
  <testcase classname="api.test.DDTests" name="testDeleteUserByName" time="1.172"/>
</testsuite> <!-- Default test -->
