<?xml version="1.0" encoding="UTF-8"?>
<testsuite xmlns:xsi="http://www.w3.org/2001/XMLSchema-instance" xsi:noNamespaceSchemaLocation="https://maven.apache.org/surefire/maven-surefire-plugin/xsd/surefire-test-report-3.0.xsd" version="3.0" name="TestSuite" time="22.414" tests="12" errors="0" skipped="0" failures="0">
  <properties>
[...]
</properties>
  <testcase name="testPostUser[1010, User1, John, canedy, canedwww1w2y@gamail.com, Test@123, 5645654324](1)" classname="api.test.DDTests" time="3.595">
    <system-err><![CDATA[SLF4J: Failed to load class "org.slf4j.impl.StaticLoggerBinder".
SLF4J: Defaulting to no-operation (NOP) logger implementation
SLF4J: See http://www.slf4j.org/codes.html#StaticLoggerBinder for further details.
log4j:WARN No appenders could be found for logger (org.apache.http.impl.conn.BasicClientConnectionManager).
log4j:WARN Please initialize the log4j system properly.
log4j:WARN See http://logging.apache.org/log4j/1.2/faq.html#noconfig for more info.
]]></system-err>
  </testcase>
  <testcase name="testPostUser[1020, User2, Kim, taehyung, taehyunguhiwhu@gamil.com, Test@124, 8645654324](2)" classname="api.test.DDTests" time="1.308"/>
  <testcase name="testPostUser[1030, User3, jung, kook, kookuydyg@gmail.com, Test@125, 5345654324](3)" classname="api.test.DDTests" time="1.331"/>
  <testcase name="testPostUser[1040, User4, jimin, john, jimin76t376@gmail.com, Test@126, 5225654324](4)" classname="api.test.DDTests" time="1.328"/>
  <testcase name="testDeleteUserByName[User1](1)" classname="api.test.DDTests" time="1.398"/>
  <testcase name="testDeleteUserByName[User2](2)" classname="api.test.DDTests" time="1.315"/>
  <testcase name="testDeleteUserByName[User3](3)" classname="api.test.DDTests" time="1.341"/>
  <testcase name="testDeleteUserByName[User4](4)" classname="api.test.DDTests" time="1.268"/>
  <testcase name="testPostUser" classname="api.test.UserTests" time="1.384">
    <system-out><![CDATA[HTTP/1.1 200 OK
Date: Fri, 15 Dec 2023 08:04:54 GMT
Content-Type: application/json
Transfer-Encoding: chunked
Connection: keep-alive
Access-Control-Allow-Origin: *
Access-Control-Allow-Methods: GET, POST, DELETE, PUT
Access-Control-Allow-Headers: Content-Type, api_key, Authorization
Server: Jetty(9.2.9.v20150224)

{
    "code": 200,
    "type": "unknown",
    "message": "1549565124"
}
]]></system-out>
  </testcase>
  <testcase name="testGetUserByName" classname="api.test.UserTests" time="1.328">
    <system-out><![CDATA[HTTP/1.1 200 OK
Date: Fri, 15 Dec 2023 08:04:55 GMT
Content-Type: application/json
Transfer-Encoding: chunked
Connection: keep-alive
Access-Control-Allow-Origin: *
Access-Control-Allow-Methods: GET, POST, DELETE, PUT
Access-Control-Allow-Headers: Content-Type, api_key, Authorization
Server: Jetty(9.2.9.v20150224)

{
    "id": 1549565124,
    "username": "keli.schoen",
    "firstName": "Fran",
    "lastName": "Little",
    "email": "lucas.gerhold@example.com",
    "password": "zahuxh8o",
    "phone": "017.286.4401",
    "userStatus": 0
}
]]></system-out>
  </testcase>
  <testcase name="testupdateUserByName" classname="api.test.UserTests" time="2.654">
    <system-out><![CDATA[{
    "code": 200,
    "type": "unknown",
    "message": "1549565124"
}
]]></system-out>
  </testcase>
  <testcase name="testDeleteuserByName" classname="api.test.UserTests" time="1.314">
    <system-out><![CDATA[HTTP/1.1 200 OK
Date: Fri, 15 Dec 2023 08:04:59 GMT
Content-Type: application/json
Transfer-Encoding: chunked
Connection: keep-alive
Access-Control-Allow-Origin: *
Access-Control-Allow-Methods: GET, POST, DELETE, PUT
Access-Control-Allow-Headers: Content-Type, api_key, Authorization
Server: Jetty(9.2.9.v20150224)

{
    "id": 1549565124,
    "username": "keli.schoen",
    "firstName": "Belkis",
    "lastName": "Schaefer",
    "email": "ellan.feeney@example.com",
    "password": "zahuxh8o",
    "phone": "017.286.4401",
    "userStatus": 0
}
]]></system-out>
  </testcase>
</testsuite>