<?xml version="1.0" encoding="UTF-8"?>
<testng-results ignored="0" total="12" passed="12" failed="0" skipped="0">
  <reporter-output>
  </reporter-output>
  <suite started-at="2023-12-15T13:34:39 IST" name="Surefire suite" finished-at="2023-12-15T13:35:00 IST" duration-ms="21650">
    <groups>
    </groups>
    <test started-at="2023-12-15T13:34:39 IST" name="Surefire test" finished-at="2023-12-15T13:35:00 IST" duration-ms="21650">
      <class name="api.test.UserTests">
        <test-method is-config="true" signature="setUp()[pri:0, instance:api.test.UserTests@3cc2931c]" started-at="2023-12-15T13:34:54 IST" name="setUp" finished-at="2023-12-15T13:34:54 IST" duration-ms="126" status="PASS">
          <reporter-output>
          </reporter-output>
        </test-method> <!-- setUp -->
        <test-method signature="testPostUser()[pri:1, instance:api.test.UserTests@3cc2931c]" started-at="2023-12-15T13:34:54 IST" name="testPostUser" finished-at="2023-12-15T13:34:55 IST" duration-ms="1383" status="PASS">
          <reporter-output>
          </reporter-output>
        </test-method> <!-- testPostUser -->
        <test-method signature="testGetUserByName()[pri:2, instance:api.test.UserTests@3cc2931c]" started-at="2023-12-15T13:34:55 IST" name="testGetUserByName" finished-at="2023-12-15T13:34:56 IST" duration-ms="1326" status="PASS">
          <reporter-output>
          </reporter-output>
        </test-method> <!-- testGetUserByName -->
        <test-method signature="testupdateUserByName()[pri:3, instance:api.test.UserTests@3cc2931c]" started-at="2023-12-15T13:34:56 IST" name="testupdateUserByName" finished-at="2023-12-15T13:34:59 IST" duration-ms="2658" status="PASS">
          <reporter-output>
          </reporter-output>
        </test-method> <!-- testupdateUserByName -->
        <test-method signature="testDeleteuserByName()[pri:4, instance:api.test.UserTests@3cc2931c]" started-at="2023-12-15T13:34:59 IST" name="testDeleteuserByName" finished-at="2023-12-15T13:35:00 IST" duration-ms="1310" status="PASS">
          <reporter-output>
          </reporter-output>
        </test-method> <!-- testDeleteuserByName -->
      </class> <!-- api.test.UserTests -->
      <class name="api.test.DDTests">
        <test-method signature="testPostUser(java.lang.String,java.lang.String,java.lang.String,java.lang.String,java.lang.String,java.lang.String,java.lang.String)[pri:1, instance:api.test.DDTests@147ed70f]" started-at="2023-12-15T13:34:41 IST" name="testPostUser" data-provider="Data" finished-at="2023-12-15T13:34:44 IST" duration-ms="3597" status="PASS">
          <params>
            <param index="0">
              <value>
                <![CDATA[1010]]>
              </value>
            </param>
            <param index="1">
              <value>
                <![CDATA[User1]]>
              </value>
            </param>
            <param index="2">
              <value>
                <![CDATA[John]]>
              </value>
            </param>
            <param index="3">
              <value>
                <![CDATA[canedy]]>
              </value>
            </param>
            <param index="4">
              <value>
                <![CDATA[canedwww1w2y@gamail.com]]>
              </value>
            </param>
            <param index="5">
              <value>
                <![CDATA[Test@123]]>
              </value>
            </param>
            <param index="6">
              <value>
                <![CDATA[5645654324]]>
              </value>
            </param>
          </params>
          <reporter-output>
          </reporter-output>
        </test-method> <!-- testPostUser -->
        <test-method signature="testPostUser(java.lang.String,java.lang.String,java.lang.String,java.lang.String,java.lang.String,java.lang.String,java.lang.String)[pri:1, instance:api.test.DDTests@147ed70f]" started-at="2023-12-15T13:34:44 IST" name="testPostUser" data-provider="Data" finished-at="2023-12-15T13:34:45 IST" duration-ms="1311" status="PASS">
          <params>
            <param index="0">
              <value>
                <![CDATA[1020]]>
              </value>
            </param>
            <param index="1">
              <value>
                <![CDATA[User2]]>
              </value>
            </param>
            <param index="2">
              <value>
                <![CDATA[Kim]]>
              </value>
            </param>
            <param index="3">
              <value>
                <![CDATA[taehyung]]>
              </value>
            </param>
            <param index="4">
              <value>
                <![CDATA[taehyunguhiwhu@gamil.com]]>
              </value>
            </param>
            <param index="5">
              <value>
                <![CDATA[Test@124]]>
              </value>
            </param>
            <param index="6">
              <value>
                <![CDATA[8645654324]]>
              </value>
            </param>
          </params>
          <reporter-output>
          </reporter-output>
        </test-method> <!-- testPostUser -->
        <test-method signature="testPostUser(java.lang.String,java.lang.String,java.lang.String,java.lang.String,java.lang.String,java.lang.String,java.lang.String)[pri:1, instance:api.test.DDTests@147ed70f]" started-at="2023-12-15T13:34:45 IST" name="testPostUser" data-provider="Data" finished-at="2023-12-15T13:34:47 IST" duration-ms="1331" status="PASS">
          <params>
            <param index="0">
              <value>
                <![CDATA[1030]]>
              </value>
            </param>
            <param index="1">
              <value>
                <![CDATA[User3]]>
              </value>
            </param>
            <param index="2">
              <value>
                <![CDATA[jung]]>
              </value>
            </param>
            <param index="3">
              <value>
                <![CDATA[kook]]>
              </value>
            </param>
            <param index="4">
              <value>
                <![CDATA[kookuydyg@gmail.com]]>
              </value>
            </param>
            <param index="5">
              <value>
                <![CDATA[Test@125]]>
              </value>
            </param>
            <param index="6">
              <value>
                <![CDATA[5345654324]]>
              </value>
            </param>
          </params>
          <reporter-output>
          </reporter-output>
        </test-method> <!-- testPostUser -->
        <test-method signature="testPostUser(java.lang.String,java.lang.String,java.lang.String,java.lang.String,java.lang.String,java.lang.String,java.lang.String)[pri:1, instance:api.test.DDTests@147ed70f]" started-at="2023-12-15T13:34:47 IST" name="testPostUser" data-provider="Data" finished-at="2023-12-15T13:34:48 IST" duration-ms="1328" status="PASS">
          <params>
            <param index="0">
              <value>
                <![CDATA[1040]]>
              </value>
            </param>
            <param index="1">
              <value>
                <![CDATA[User4]]>
              </value>
            </param>
            <param index="2">
              <value>
                <![CDATA[jimin]]>
              </value>
            </param>
            <param index="3">
              <value>
                <![CDATA[john]]>
              </value>
            </param>
            <param index="4">
              <value>
                <![CDATA[jimin76t376@gmail.com]]>
              </value>
            </param>
            <param index="5">
              <value>
                <![CDATA[Test@126]]>
              </value>
            </param>
            <param index="6">
              <value>
                <![CDATA[5225654324]]>
              </value>
            </param>
          </params>
          <reporter-output>
          </reporter-output>
        </test-method> <!-- testPostUser -->
        <test-method signature="testDeleteUserByName(java.lang.String)[pri:2, instance:api.test.DDTests@147ed70f]" started-at="2023-12-15T13:34:48 IST" name="testDeleteUserByName" data-provider="UserNames" finished-at="2023-12-15T13:34:50 IST" duration-ms="1397" status="PASS">
          <params>
            <param index="0">
              <value>
                <![CDATA[User1]]>
              </value>
            </param>
          </params>
          <reporter-output>
          </reporter-output>
        </test-method> <!-- testDeleteUserByName -->
        <test-method signature="testDeleteUserByName(java.lang.String)[pri:2, instance:api.test.DDTests@147ed70f]" started-at="2023-12-15T13:34:50 IST" name="testDeleteUserByName" data-provider="UserNames" finished-at="2023-12-15T13:34:51 IST" duration-ms="1314" status="PASS">
          <params>
            <param index="0">
              <value>
                <![CDATA[User2]]>
              </value>
            </param>
          </params>
          <reporter-output>
          </reporter-output>
        </test-method> <!-- testDeleteUserByName -->
        <test-method signature="testDeleteUserByName(java.lang.String)[pri:2, instance:api.test.DDTests@147ed70f]" started-at="2023-12-15T13:34:51 IST" name="testDeleteUserByName" data-provider="UserNames" finished-at="2023-12-15T13:34:52 IST" duration-ms="1342" status="PASS">
          <params>
            <param index="0">
              <value>
                <![CDATA[User3]]>
              </value>
            </param>
          </params>
          <reporter-output>
          </reporter-output>
        </test-method> <!-- testDeleteUserByName -->
        <test-method signature="testDeleteUserByName(java.lang.String)[pri:2, instance:api.test.DDTests@147ed70f]" started-at="2023-12-15T13:34:52 IST" name="testDeleteUserByName" data-provider="UserNames" finished-at="2023-12-15T13:34:54 IST" duration-ms="1268" status="PASS">
          <params>
            <param index="0">
              <value>
                <![CDATA[User4]]>
              </value>
            </param>
          </params>
          <reporter-output>
          </reporter-output>
        </test-method> <!-- testDeleteUserByName -->
      </class> <!-- api.test.DDTests -->
    </test> <!-- Surefire test -->
  </suite> <!-- Surefire suite -->
</testng-results>
