<?xml version="1.0" encoding="UTF-8"?>
<testng-results ignored="0" total="4" passed="4" failed="0" skipped="0">
  <reporter-output>
  </reporter-output>
  <suite started-at="2023-12-15T13:01:28 IST" name="PetSuite" finished-at="2023-12-15T13:01:36 IST" duration-ms="8279">
    <groups>
    </groups>
    <test started-at="2023-12-15T13:01:28 IST" name="Test" finished-at="2023-12-15T13:01:36 IST" duration-ms="8279">
      <class name="api.test.UserTests2">
        <test-method is-config="true" signature="setUp()[pri:0, instance:api.test.UserTests2@128d2484]" started-at="2023-12-15T13:01:28 IST" name="setUp" finished-at="2023-12-15T13:01:28 IST" duration-ms="609" status="PASS">
          <reporter-output>
          </reporter-output>
        </test-method> <!-- setUp -->
        <test-method signature="testPostUser()[pri:1, instance:api.test.UserTests2@128d2484]" started-at="2023-12-15T13:01:28 IST" name="testPostUser" finished-at="2023-12-15T13:01:31 IST" duration-ms="2631" status="PASS">
          <reporter-output>
          </reporter-output>
        </test-method> <!-- testPostUser -->
        <test-method signature="testGetUserByName()[pri:2, instance:api.test.UserTests2@128d2484]" started-at="2023-12-15T13:01:31 IST" name="testGetUserByName" finished-at="2023-12-15T13:01:32 IST" duration-ms="1236" status="PASS">
          <reporter-output>
          </reporter-output>
        </test-method> <!-- testGetUserByName -->
        <test-method signature="testupdateUserByName()[pri:3, instance:api.test.UserTests2@128d2484]" started-at="2023-12-15T13:01:32 IST" name="testupdateUserByName" finished-at="2023-12-15T13:01:35 IST" duration-ms="2351" status="PASS">
          <reporter-output>
          </reporter-output>
        </test-method> <!-- testupdateUserByName -->
        <test-method signature="testDeleteuserByName()[pri:4, instance:api.test.UserTests2@128d2484]" started-at="2023-12-15T13:01:35 IST" name="testDeleteuserByName" finished-at="2023-12-15T13:01:36 IST" duration-ms="1209" status="PASS">
          <reporter-output>
          </reporter-output>
        </test-method> <!-- testDeleteuserByName -->
      </class> <!-- api.test.UserTests2 -->
    </test> <!-- Test -->
  </suite> <!-- PetSuite -->
</testng-results>
